0 info it worked if it ends with ok
1 verbose cli [ '/usr/bin/node', '/usr/bin/npm', 'run', 'deploy' ]
2 info using npm@3.5.2
3 info using node@v8.10.0
4 verbose run-script [ 'predeploy', 'deploy', 'postdeploy' ]
5 info lifecycle AdMed_Prototype_Frontend@1.0.0~predeploy: AdMed_Prototype_Frontend@1.0.0
6 verbose lifecycle AdMed_Prototype_Frontend@1.0.0~predeploy: unsafe-perm in lifecycle true
7 verbose lifecycle AdMed_Prototype_Frontend@1.0.0~predeploy: PATH: /usr/share/npm/bin/node-gyp-bin:/home/intromode/Documents/Aponia/dev_projects/AdMed_Prototype_Frontend/node_modules/.bin:/usr/local/sbin:/usr/local/bin:/usr/sbin:/usr/bin:/sbin:/bin:/usr/games:/usr/local/games:/snap/bin
8 verbose lifecycle AdMed_Prototype_Frontend@1.0.0~predeploy: CWD: /home/intromode/Documents/Aponia/dev_projects/AdMed_Prototype_Frontend
9 silly lifecycle AdMed_Prototype_Frontend@1.0.0~predeploy: Args: [ '-c', 'npm run build' ]
10 silly lifecycle AdMed_Prototype_Frontend@1.0.0~predeploy: Returned: code: 0  signal: null
11 info lifecycle AdMed_Prototype_Frontend@1.0.0~deploy: AdMed_Prototype_Frontend@1.0.0
12 verbose lifecycle AdMed_Prototype_Frontend@1.0.0~deploy: unsafe-perm in lifecycle true
13 verbose lifecycle AdMed_Prototype_Frontend@1.0.0~deploy: PATH: /usr/share/npm/bin/node-gyp-bin:/home/intromode/Documents/Aponia/dev_projects/AdMed_Prototype_Frontend/node_modules/.bin:/usr/local/sbin:/usr/local/bin:/usr/sbin:/usr/bin:/sbin:/bin:/usr/games:/usr/local/games:/snap/bin
14 verbose lifecycle AdMed_Prototype_Frontend@1.0.0~deploy: CWD: /home/intromode/Documents/Aponia/dev_projects/AdMed_Prototype_Frontend
15 silly lifecycle AdMed_Prototype_Frontend@1.0.0~deploy: Args: [ '-c', 'master -d build' ]
16 info lifecycle AdMed_Prototype_Frontend@1.0.0~deploy: Failed to exec deploy script
17 verbose stack Error: AdMed_Prototype_Frontend@1.0.0 deploy: `master -d build`
17 verbose stack spawn ENOENT
17 verbose stack     at ChildProcess.<anonymous> (/usr/share/npm/lib/utils/spawn.js:17:16)
17 verbose stack     at emitTwo (events.js:126:13)
17 verbose stack     at ChildProcess.emit (events.js:214:7)
17 verbose stack     at maybeClose (internal/child_process.js:925:16)
17 verbose stack     at Process.ChildProcess._handle.onexit (internal/child_process.js:209:5)
18 verbose pkgid AdMed_Prototype_Frontend@1.0.0
19 verbose cwd /home/intromode/Documents/Aponia/dev_projects/AdMed_Prototype_Frontend
20 error Linux 5.3.0-40-generic
21 error argv "/usr/bin/node" "/usr/bin/npm" "run" "deploy"
22 error node v8.10.0
23 error npm  v3.5.2
24 error file sh
25 error code ELIFECYCLE
26 error errno ENOENT
27 error syscall spawn
28 error AdMed_Prototype_Frontend@1.0.0 deploy: `master -d build`
28 error spawn ENOENT
29 error Failed at the AdMed_Prototype_Frontend@1.0.0 deploy script 'master -d build'.
29 error Make sure you have the latest version of node.js and npm installed.
29 error If you do, this is most likely a problem with the AdMed_Prototype_Frontend package,
29 error not with npm itself.
29 error Tell the author that this fails on your system:
29 error     master -d build
29 error You can get information on how to open an issue for this project with:
29 error     npm bugs AdMed_Prototype_Frontend
29 error Or if that isn't available, you can get their info via:
29 error     npm owner ls AdMed_Prototype_Frontend
29 error There is likely additional logging output above.
30 verbose exit [ 1, true ]
